#
# A fatal error has been detected by the Java Runtime Environment:
#
#  SIGBUS (0xa) at pc=0x000000010da951b4, pid=779, tid=0x0000000000002a03
#
# JRE version: OpenJDK Runtime Environment (8.0_212) (build 1.8.0_212-release-1586-b4-5784211)
# Java VM: OpenJDK 64-Bit Server VM (25.212-b4-5784211 mixed mode bsd-amd64 compressed oops)
# Problematic frame:
# V  [libjvm.dylib+0x4951b4]  oopDesc* PSPromotionManager::copy_to_survivor_space<false>(oopDesc*)+0x7a
#
# Failed to write core dump. Core dumps have been disabled. To enable core dumping, try "ulimit -c unlimited" before starting Java again
#
# If you would like to submit a bug report, please visit:
#   http://bugreport.java.com/bugreport/crash.jsp
#

---------------  T H R E A D  ---------------

Current thread (0x00007f97a1809800):  GCTaskThread [stack: 0x000070000f8f3000,0x000070000f9f3000] [id=10755]

siginfo: si_signo: 10 (SIGBUS), si_code: 2 (BUS_ADRERR), si_addr: 0x0000000780001e00

Registers:
RAX=0x000000010de1ba01, RBX=0x00000007c01d67f0, RCX=0x0000000000000003, RDX=0x000000010de0adf8
RSP=0x000070000f9f2cf0, RBP=0x000070000f9f2d50, RSI=0x00000007a47f5980, RDI=0x0000000780001df8
R8 =0x000000010de0ade8, R9 =0x000000010ddfab92, R10=0x00007f97a0d06c68, R11=0xffffffffbbd045c8
R12=0x000070000f9f2e10, R13=0x0000000000000011, R14=0x00007f97a2818b40, R15=0x00000007a47f5980
RIP=0x000000010da951b4, EFLAGS=0x0000000000010202, ERR=0x0000000000000004
  TRAPNO=0x000000000000000e

Top of Stack: (sp=0x000070000f9f2cf0)
0x000070000f9f2cf0:   000000000b070001 0000000000000021
0x000070000f9f2d00:   000000000000000d 00000007c01e4090
0x000070000f9f2d10:   000070000f9f2e10 000000010dbc9c20
0x000070000f9f2d20:   000070000f9f2e20 00000007c01d67f0
0x000070000f9f2d30:   000070000f9f2e10 000000010dbc9c20
0x000070000f9f2d40:   000070000f9f2e20 000000010de210c0
0x000070000f9f2d50:   000070000f9f2d80 000000010da98227
0x000070000f9f2d60:   000070000f9f2e20 000070000f9f2e10
0x000070000f9f2d70:   00007f97a0f17d50 000070000f9f2e58
0x000070000f9f2d80:   000070000f9f2da0 000000010da981b4
0x000070000f9f2d90:   000000010ddf21f0 00000007c01d6788
0x000070000f9f2da0:   000070000f9f2dd0 000000010d77973f
0x000070000f9f2db0:   00007f97a0f17d50 0000000000000000
0x000070000f9f2dc0:   000070000f9f2e10 000070000f9f2e58
0x000070000f9f2dd0:   000070000f9f2e00 000000010d77a608
0x000070000f9f2de0:   00007f97a3100310 00007f97a3100310
0x000070000f9f2df0:   00007f97a2818b40 0000000000000001
0x000070000f9f2e00:   000070000f9f2e80 000000010da97e62
0x000070000f9f2e10:   000000010ddf21f0 000000010da33e00
0x000070000f9f2e20:   000000010ddf2208 00007f97a0d09200
0x000070000f9f2e30:   00007f97a2818b40 00000007c01d6788
0x000070000f9f2e40:   000000010ddf2238 00007f97a0d09100
0x000070000f9f2e50:   00007f97a2818b40 000000010ddf2120
0x000070000f9f2e60:   00007f97a1809800 00007f97a2818b40
0x000070000f9f2e70:   00007f97a1809800 0000000000000000
0x000070000f9f2e80:   000070000f9f2f60 000000010d8580d1
0x000070000f9f2e90:   000000010de1bbd8 00007f97a1809800
0x000070000f9f2ea0:   00007f97a0d0c950 00007f97a0d0c990
0x000070000f9f2eb0:   00007f97a0d0c9a0 00007f97a0d0ca78
0x000070000f9f2ec0:   00000000000000d8 00007f97a0d0cb90
0x000070000f9f2ed0:   00007f97a1809800 00007f97a0d0c950
0x000070000f9f2ee0:   00007f97a0d0c990 00007f97a0d0c9a0 

Instructions: (pc=0x000000010da951b4)
0x000000010da95194:   8a 00 84 c0 74 16 41 8b 7f 08 48 8d 15 53 5c 37
0x000000010da951a4:   00 8a 4a 08 48 d3 e7 48 03 3a eb 04 49 8b 7f 08
0x000000010da951b4:   44 8b 67 08 45 85 e4 7e 0c 41 f6 c4 01 75 0b 41
0x000000010da951c4:   c1 ec 03 eb 4c 45 85 e4 78 11 48 8b 07 4c 89 fe 

Register to memory mapping:

RAX=0x000000010de1ba01: CONST_G1HRRSFlushLogBuffersOnVerify+0 in /Applications/Android Studio.app/Contents/jre/jdk/Contents/Home/jre/lib/server/libjvm.dylib at 0x000000010d600000
RBX=0x00000007c01d67f0 is pointing into metadata
RCX=0x0000000000000003 is an unknown value
RDX=0x000000010de0adf8: _ZN8Universe13_narrow_klassE+0 in /Applications/Android Studio.app/Contents/jre/jdk/Contents/Home/jre/lib/server/libjvm.dylib at 0x000000010d600000
RSP=0x000070000f9f2cf0 is an unknown value
RBP=0x000070000f9f2d50 is an unknown value
RSI=0x00000007a47f5980 is an unknown value
RDI=0x0000000780001df8 is an unallocated location in the heap
R8 =0x000000010de0ade8: _ZN8Universe11_narrow_oopE+0 in /Applications/Android Studio.app/Contents/jre/jdk/Contents/Home/jre/lib/server/libjvm.dylib at 0x000000010d600000
R9 =0x000000010ddfab92: UseBiasedLocking+0 in /Applications/Android Studio.app/Contents/jre/jdk/Contents/Home/jre/lib/server/libjvm.dylib at 0x000000010d600000
R10=0x00007f97a0d06c68 is an unknown value
R11=0xffffffffbbd045c8 is an unknown value
R12=0x000070000f9f2e10 is an unknown value
R13=0x0000000000000011 is an unknown value
R14=0x00007f97a2818b40 is an unknown value
R15=0x00000007a47f5980 is an unknown value


Stack: [0x000070000f8f3000,0x000070000f9f3000],  sp=0x000070000f9f2cf0,  free space=1023k
Native frames: (J=compiled Java code, j=interpreted, Vv=VM code, C=native code)
V  [libjvm.dylib+0x4951b4]  oopDesc* PSPromotionManager::copy_to_survivor_space<false>(oopDesc*)+0x7a
V  [libjvm.dylib+0x498227]  PSScavengeFromKlassClosure::do_oop(oopDesc**)+0x63
V  [libjvm.dylib+0x4981b4]  PSScavengeKlassClosure::do_klass(Klass*)+0x30
V  [libjvm.dylib+0x17973f]  ClassLoaderData::oops_do(OopClosure*, KlassClosure*, bool)+0x91
V  [libjvm.dylib+0x17a608]  ClassLoaderDataGraph::oops_do(OopClosure*, KlassClosure*, bool)+0x32
V  [libjvm.dylib+0x497e62]  ScavengeRootsTask::do_it(GCTaskManager*, unsigned int)+0x14e
V  [libjvm.dylib+0x2580d1]  GCTaskThread::run()+0x12d
V  [libjvm.dylib+0x4562e3]  java_start(Thread*)+0xfa
C  [libsystem_pthread.dylib+0x5e65]  _pthread_start+0x94
C  [libsystem_pthread.dylib+0x183b]  thread_start+0xf


---------------  P R O C E S S  ---------------

Java Threads: ( => current thread )
  0x00007f97a1360000 JavaThread "Cache worker for file hash cache (/Users/dangvulinh/AndroidStudioProjects/TriCount/.gradle/5.6.4/fileHashes)" [_thread_blocked, id=24323, stack(0x000070001113e000,0x000070001123e000)]
  0x00007f97a1041800 JavaThread "Cache worker for journal cache (/Users/dangvulinh/.gradle/caches/journal-1)" [_thread_blocked, id=23811, stack(0x000070001103b000,0x000070001113b000)]
  0x00007f97a20c6000 JavaThread "File lock request listener" [_thread_in_native, id=41987, stack(0x0000700010f38000,0x0000700011038000)]
  0x00007f97a1923000 JavaThread "Cache worker for file hash cache (/Users/dangvulinh/.gradle/caches/5.6.4/fileHashes)" [_thread_blocked, id=42243, stack(0x0000700010e35000,0x0000700010f35000)]
  0x00007f97a1041000 JavaThread "Thread-9" [_thread_blocked, id=22787, stack(0x0000700010d32000,0x0000700010e32000)]
  0x00007f97a20b2000 JavaThread "Stdin handler" [_thread_blocked, id=42755, stack(0x0000700010c2f000,0x0000700010d2f000)]
  0x00007f97a2986000 JavaThread "Asynchronous log dispatcher for DefaultDaemonConnection: socket connection from /127.0.0.1:49545 to /127.0.0.1:49546" [_thread_blocked, id=22531, stack(0x0000700010b2c000,0x0000700010c2c000)]
  0x00007f97a20b1000 JavaThread "Daemon worker" [_thread_blocked, id=22275, stack(0x0000700010a29000,0x0000700010b29000)]
  0x00007f97a111f000 JavaThread "Cancel handler" [_thread_blocked, id=21763, stack(0x0000700010926000,0x0000700010a26000)]
  0x00007f97a1842800 JavaThread "Handler for socket connection from /127.0.0.1:49545 to /127.0.0.1:49546" [_thread_in_native, id=16899, stack(0x0000700010823000,0x0000700010923000)]
  0x00007f97a20bf800 JavaThread "Daemon" [_thread_blocked, id=16131, stack(0x0000700010720000,0x0000700010820000)]
  0x00007f97a2964800 JavaThread "Daemon periodic checks" [_thread_blocked, id=17155, stack(0x000070001061d000,0x000070001071d000)]
  0x00007f97a294c000 JavaThread "Incoming local TCP Connector on port 49545" [_thread_in_native, id=17667, stack(0x000070001051a000,0x000070001061a000)]
  0x00007f97a23b2000 JavaThread "Daemon health stats" [_thread_blocked, id=15619, stack(0x0000700010417000,0x0000700010517000)]
  0x00007f97a1025000 JavaThread "Service Thread" daemon [_thread_blocked, id=18947, stack(0x0000700010211000,0x0000700010311000)]
  0x00007f97a100b000 JavaThread "C1 CompilerThread2" daemon [_thread_blocked, id=19203, stack(0x000070001010e000,0x000070001020e000)]
  0x00007f97a2027000 JavaThread "C2 CompilerThread1" daemon [_thread_blocked, id=19715, stack(0x000070001000b000,0x000070001010b000)]
  0x00007f97a2837800 JavaThread "C2 CompilerThread0" daemon [_thread_blocked, id=14851, stack(0x000070000ff08000,0x0000700010008000)]
  0x00007f97a2822000 JavaThread "Signal Dispatcher" daemon [_thread_blocked, id=14339, stack(0x000070000fe05000,0x000070000ff05000)]
  0x00007f97a2007000 JavaThread "Finalizer" daemon [_thread_blocked, id=11523, stack(0x000070000fbfc000,0x000070000fcfc000)]
  0x00007f97a2006800 JavaThread "Reference Handler" daemon [_thread_blocked, id=20995, stack(0x000070000faf9000,0x000070000fbf9000)]
  0x00007f97a2005800 JavaThread "main" [_thread_blocked, id=3587, stack(0x000070000f4e7000,0x000070000f5e7000)]

Other Threads:
  0x00007f97a2819000 VMThread [stack: 0x000070000f9f6000,0x000070000faf6000] [id=11011]
  0x00007f97a2837000 WatcherThread [stack: 0x0000700010314000,0x0000700010414000] [id=18435]

=>0x00007f97a1809800 (exited) GCTaskThread [stack: 0x000070000f8f3000,0x000070000f9f3000] [id=10755]

VM state:at safepoint (normal execution)

VM Mutex/Monitor currently owned by a thread:  ([mutex/lock_event])
[0x00007f97a0f02820] Threads_lock - owner thread: 0x00007f97a2819000
[0x00007f97a0f02d20] Heap_lock - owner thread: 0x00007f97a100b000
[0x00007f97a0f032a0] MethodData_lock - owner thread: 0x00007f97a100b000

heap address: 0x0000000760000000, size: 1536 MB, Compressed Oops mode: Zero based, Oop shift amount: 3
Narrow klass base: 0x0000000000000000, Narrow klass shift: 3
Compressed class space size: 1073741824 Address: 0x00000007c0000000

Heap:
 PSYoungGen      total 71680K, used 56441K [0x00000007a0000000, 0x00000007a4b00000, 0x00000007c0000000)
  eden space 66560K, 77% used [0x00000007a0000000,0x00000007a3226400,0x00000007a4100000)
  from space 5120K, 99% used [0x00000007a4600000,0x00000007a4af8040,0x00000007a4b00000)
  to   space 5120K, 99% used [0x00000007a4100000,0x00000007a45fd040,0x00000007a4600000)
 ParOldGen       total 87552K, used 5843K [0x0000000760000000, 0x0000000765580000, 0x00000007a0000000)
  object space 87552K, 6% used [0x0000000760000000,0x00000007605b4ed0,0x0000000765580000)
 Metaspace       used 20564K, capacity 21116K, committed 21296K, reserved 1067008K
  class space    used 2971K, capacity 3132K, committed 3200K, reserved 1048576K

Card table byte_map: [0x000000010e86f000,0x000000010eb70000] byte_map_base: 0x000000010ad6f000

Marking Bits: (ParMarkBitMap*) 0x000000010de20ec8
 Begin Bits: [0x000000011e610000, 0x000000011fe10000)
 End Bits:   [0x000000011fe10000, 0x0000000121610000)

Polling page: 0x000000010cda2000

CodeCache: size=245760Kb used=5951Kb max_used=5951Kb free=239808Kb
 bounds [0x000000010f610000, 0x000000010fbf0000, 0x000000011e610000]
 total_blobs=2183 nmethods=1777 adapters=320
 compilation: enabled

Compilation events (10 events):
Event: 6.156 Thread 0x00007f97a100b000 nmethod 1781 0x000000010fbe0c10 code [0x000000010fbe0da0, 0x000000010fbe1268]
Event: 6.158 Thread 0x00007f97a100b000 1782       3       java.lang.Class$MethodArray::addIfNotPresent (47 bytes)
Event: 6.158 Thread 0x00007f97a100b000 nmethod 1782 0x000000010fbe1410 code [0x000000010fbe15a0, 0x000000010fbe1998]
Event: 6.158 Thread 0x00007f97a100b000 1783       3       java.util.concurrent.atomic.AtomicInteger::incrementAndGet (14 bytes)
Event: 6.159 Thread 0x00007f97a100b000 nmethod 1783 0x000000010fbe1b50 code [0x000000010fbe1ca0, 0x000000010fbe1df0]
Event: 6.166 Thread 0x00007f97a100b000 1786       3       java.lang.ClassValue$Entry::value (9 bytes)
Event: 6.167 Thread 0x00007f97a100b000 nmethod 1786 0x000000010fbe1e50 code [0x000000010fbe1fc0, 0x000000010fbe2190]
Event: 6.167 Thread 0x00007f97a100b000 1787       3       java.lang.ClassValue$Entry::assertNotPromise (22 bytes)
Event: 6.167 Thread 0x00007f97a100b000 nmethod 1787 0x000000010fbe2250 code [0x000000010fbe23c0, 0x000000010fbe2530]
Event: 6.167 Thread 0x00007f97a100b000 1785       3       java.lang.ClassValue$Entry::version (8 bytes)

GC Heap History (9 events):
Event: 1.626 GC heap before
{Heap before GC invocations=1 (full 0):
 PSYoungGen      total 38400K, used 33280K [0x00000007a0000000, 0x00000007a2a80000, 0x00000007c0000000)
  eden space 33280K, 100% used [0x00000007a0000000,0x00000007a2080000,0x00000007a2080000)
  from space 5120K, 0% used [0x00000007a2580000,0x00000007a2580000,0x00000007a2a80000)
  to   space 5120K, 0% used [0x00000007a2080000,0x00000007a2080000,0x00000007a2580000)
 ParOldGen       total 87552K, used 0K [0x0000000760000000, 0x0000000765580000, 0x00000007a0000000)
  object space 87552K, 0% used [0x0000000760000000,0x0000000760000000,0x0000000765580000)
 Metaspace       used 6958K, capacity 7196K, committed 7424K, reserved 1056768K
  class space    used 851K, capacity 912K, committed 1024K, reserved 1048576K
Event: 1.636 GC heap after
Heap after GC invocations=1 (full 0):
 PSYoungGen      total 38400K, used 4334K [0x00000007a0000000, 0x00000007a2a80000, 0x00000007c0000000)
  eden space 33280K, 0% used [0x00000007a0000000,0x00000007a0000000,0x00000007a2080000)
  from space 5120K, 84% used [0x00000007a2080000,0x00000007a24bbaf8,0x00000007a2580000)
  to   space 5120K, 0% used [0x00000007a2580000,0x00000007a2580000,0x00000007a2a80000)
 ParOldGen       total 87552K, used 8K [0x0000000760000000, 0x0000000765580000, 0x00000007a0000000)
  object space 87552K, 0% used [0x0000000760000000,0x0000000760002000,0x0000000765580000)
 Metaspace       used 6958K, capacity 7196K, committed 7424K, reserved 1056768K
  class space    used 851K, capacity 912K, committed 1024K, reserved 1048576K
}
Event: 2.268 GC heap before
{Heap before GC invocations=2 (full 0):
 PSYoungGen      total 38400K, used 37614K [0x00000007a0000000, 0x00000007a2a80000, 0x00000007c0000000)
  eden space 33280K, 100% used [0x00000007a0000000,0x00000007a2080000,0x00000007a2080000)
  from space 5120K, 84% used [0x00000007a2080000,0x00000007a24bbaf8,0x00000007a2580000)
  to   space 5120K, 0% used [0x00000007a2580000,0x00000007a2580000,0x00000007a2a80000)
 ParOldGen       total 87552K, used 8K [0x0000000760000000, 0x0000000765580000, 0x00000007a0000000)
  object space 87552K, 0% used [0x0000000760000000,0x0000000760002000,0x0000000765580000)
 Metaspace       used 8877K, capacity 9138K, committed 9216K, reserved 1056768K
  class space    used 1149K, capacity 1223K, committed 1280K, reserved 1048576K
Event: 2.276 GC heap after
Heap after GC invocations=2 (full 0):
 PSYoungGen      total 38400K, used 4573K [0x00000007a0000000, 0x00000007a2a80000, 0x00000007c0000000)
  eden space 33280K, 0% used [0x00000007a0000000,0x00000007a0000000,0x00000007a2080000)
  from space 5120K, 89% used [0x00000007a2580000,0x00000007a29f76e0,0x00000007a2a80000)
  to   space 5120K, 0% used [0x00000007a2080000,0x00000007a2080000,0x00000007a2580000)
 ParOldGen       total 87552K, used 16K [0x0000000760000000, 0x0000000765580000, 0x00000007a0000000)
  object space 87552K, 0% used [0x0000000760000000,0x0000000760004000,0x0000000765580000)
 Metaspace       used 8877K, capacity 9138K, committed 9216K, reserved 1056768K
  class space    used 1149K, capacity 1223K, committed 1280K, reserved 1048576K
}
Event: 3.478 GC heap before
{Heap before GC invocations=3 (full 0):
 PSYoungGen      total 38400K, used 37853K [0x00000007a0000000, 0x00000007a2a80000, 0x00000007c0000000)
  eden space 33280K, 100% used [0x00000007a0000000,0x00000007a2080000,0x00000007a2080000)
  from space 5120K, 89% used [0x00000007a2580000,0x00000007a29f76e0,0x00000007a2a80000)
  to   space 5120K, 0% used [0x00000007a2080000,0x00000007a2080000,0x00000007a2580000)
 ParOldGen       total 87552K, used 16K [0x0000000760000000, 0x0000000765580000, 0x00000007a0000000)
  object space 87552K, 0% used [0x0000000760000000,0x0000000760004000,0x0000000765580000)
 Metaspace       used 13068K, capacity 13572K, committed 13824K, reserved 1060864K
  class space    used 1802K, capacity 1968K, committed 2048K, reserved 1048576K
Event: 3.501 GC heap after
Heap after GC invocations=3 (full 0):
 PSYoungGen      total 38400K, used 5088K [0x00000007a0000000, 0x00000007a4b00000, 0x00000007c0000000)
  eden space 33280K, 0% used [0x00000007a0000000,0x00000007a0000000,0x00000007a2080000)
  from space 5120K, 99% used [0x00000007a2080000,0x00000007a25783d0,0x00000007a2580000)
  to   space 5120K, 0% used [0x00000007a4600000,0x00000007a4600000,0x00000007a4b00000)
 ParOldGen       total 87552K, used 1894K [0x0000000760000000, 0x0000000765580000, 0x00000007a0000000)
  object space 87552K, 2% used [0x0000000760000000,0x00000007601d99e0,0x0000000765580000)
 Metaspace       used 13068K, capacity 13572K, committed 13824K, reserved 1060864K
  class space    used 1802K, capacity 1968K, committed 2048K, reserved 1048576K
}
Event: 4.333 GC heap before
{Heap before GC invocations=4 (full 0):
 PSYoungGen      total 38400K, used 38368K [0x00000007a0000000, 0x00000007a4b00000, 0x00000007c0000000)
  eden space 33280K, 100% used [0x00000007a0000000,0x00000007a2080000,0x00000007a2080000)
  from space 5120K, 99% used [0x00000007a2080000,0x00000007a25783d0,0x00000007a2580000)
  to   space 5120K, 0% used [0x00000007a4600000,0x00000007a4600000,0x00000007a4b00000)
 ParOldGen       total 87552K, used 1894K [0x0000000760000000, 0x0000000765580000, 0x00000007a0000000)
  object space 87552K, 2% used [0x0000000760000000,0x00000007601d99e0,0x0000000765580000)
 Metaspace       used 15719K, capacity 16216K, committed 16512K, reserved 1062912K
  class space    used 2236K, capacity 2406K, committed 2432K, reserved 1048576K
Event: 4.354 GC heap after
Heap after GC invocations=4 (full 0):
 PSYoungGen      total 71680K, used 5088K [0x00000007a0000000, 0x00000007a4b00000, 0x00000007c0000000)
  eden space 66560K, 0% used [0x00000007a0000000,0x00000007a0000000,0x00000007a4100000)
  from space 5120K, 99% used [0x00000007a4600000,0x00000007a4af8040,0x00000007a4b00000)
  to   space 5120K, 0% used [0x00000007a4100000,0x00000007a4100000,0x00000007a4600000)
 ParOldGen       total 87552K, used 4683K [0x0000000760000000, 0x0000000765580000, 0x00000007a0000000)
  object space 87552K, 5% used [0x0000000760000000,0x0000000760492ed0,0x0000000765580000)
 Metaspace       used 15719K, capacity 16216K, committed 16512K, reserved 1062912K
  class space    used 2236K, capacity 2406K, committed 2432K, reserved 1048576K
}
Event: 6.173 GC heap before
{Heap before GC invocations=5 (full 0):
 PSYoungGen      total 71680K, used 56441K [0x00000007a0000000, 0x00000007a4b00000, 0x00000007c0000000)
  eden space 66560K, 77% used [0x00000007a0000000,0x00000007a3226400,0x00000007a4100000)
  from space 5120K, 99% used [0x00000007a4600000,0x00000007a4af8040,0x00000007a4b00000)
  to   space 5120K, 0% used [0x00000007a4100000,0x00000007a4100000,0x00000007a4600000)
 ParOldGen       total 87552K, used 4683K [0x0000000760000000, 0x0000000765580000, 0x00000007a0000000)
  object space 87552K, 5% used [0x0000000760000000,0x0000000760492ed0,0x0000000765580000)
 Metaspace       used 20564K, capacity 21116K, committed 21296K, reserved 1067008K
  class space    used 2971K, capacity 3132K, committed 3200K, reserved 1048576K

Deoptimization events (10 events):
Event: 4.972 Thread 0x00007f97a20b1000 Uncommon trap: reason=unstable_if action=reinterpret pc=0x000000010f8b27e8 method=java.io.File.getName()Ljava/lang/String; @ 16
Event: 5.162 Thread 0x00007f97a20b1000 Uncommon trap: reason=bimorphic action=maybe_recompile pc=0x000000010fa703e0 method=java.lang.ClassLoader.loadClass(Ljava/lang/String;Z)Ljava/lang/Class; @ 38
Event: 5.188 Thread 0x00007f97a20b1000 Uncommon trap: reason=null_assert action=make_not_entrant pc=0x000000010f884da4 method=java.util.zip.ZipEntry.<init>(Ljava/util/zip/ZipEntry;)V @ 70
Event: 5.190 Thread 0x00007f97a20b1000 Uncommon trap: reason=bimorphic action=maybe_recompile pc=0x000000010fa703e0 method=java.lang.ClassLoader.loadClass(Ljava/lang/String;Z)Ljava/lang/Class; @ 38
Event: 5.191 Thread 0x00007f97a20b1000 Uncommon trap: reason=bimorphic action=maybe_recompile pc=0x000000010fa703e0 method=java.lang.ClassLoader.loadClass(Ljava/lang/String;Z)Ljava/lang/Class; @ 38
Event: 5.193 Thread 0x00007f97a20b1000 Uncommon trap: reason=bimorphic action=maybe_recompile pc=0x000000010fa703e0 method=java.lang.ClassLoader.loadClass(Ljava/lang/String;Z)Ljava/lang/Class; @ 38
Event: 5.257 Thread 0x00007f97a20b1000 Uncommon trap: reason=bimorphic action=maybe_recompile pc=0x000000010fb315bc method=java.lang.ClassLoader.getPackage(Ljava/lang/String;)Ljava/lang/Package; @ 47
Event: 5.262 Thread 0x00007f97a20b1000 Uncommon trap: reason=bimorphic action=maybe_recompile pc=0x000000010fb315bc method=java.lang.ClassLoader.getPackage(Ljava/lang/String;)Ljava/lang/Package; @ 47
Event: 5.281 Thread 0x00007f97a20b1000 Uncommon trap: reason=bimorphic action=maybe_recompile pc=0x000000010fb315bc method=java.lang.ClassLoader.getPackage(Ljava/lang/String;)Ljava/lang/Package; @ 47
Event: 5.285 Thread 0x00007f97a20b1000 Uncommon trap: reason=unstable_if action=reinterpret pc=0x000000010fb30f74 method=java.net.URLClassLoader.getAndVerifyPackage(Ljava/lang/String;Ljava/util/jar/Manifest;Ljava/net/URL;)Ljava/lang/Package; @ 62

Classes redefined (0 events):
No events

Internal exceptions (10 events):
Event: 5.203 Thread 0x00007f97a20b1000 Exception <a 'java/lang/NoSuchMethodError': <clinit>> (0x00000007a1d43c78) thrown at [/Volumes/Android/buildbot/src/googleplex-android/openjdk/out/hotspot/src/share/vm/prims/jni.cpp, line 1614]
Event: 5.266 Thread 0x00007f97a20b1000 Exception <a 'java/lang/NoSuchMethodError': <clinit>> (0x00000007a1dd9e70) thrown at [/Volumes/Android/buildbot/src/googleplex-android/openjdk/out/hotspot/src/share/vm/prims/jni.cpp, line 1614]
Event: 5.269 Thread 0x00007f97a20b1000 Exception <a 'java/lang/NoSuchMethodError': <clinit>> (0x00000007a1de7b50) thrown at [/Volumes/Android/buildbot/src/googleplex-android/openjdk/out/hotspot/src/share/vm/prims/jni.cpp, line 1614]
Event: 5.301 Thread 0x00007f97a20b1000 Exception <a 'java/lang/NoSuchMethodError': <clinit>> (0x00000007a1f14718) thrown at [/Volumes/Android/buildbot/src/googleplex-android/openjdk/out/hotspot/src/share/vm/prims/jni.cpp, line 1614]
Event: 5.302 Thread 0x00007f97a20b1000 Exception <a 'java/lang/NoSuchMethodError': <clinit>> (0x00000007a1f188b8) thrown at [/Volumes/Android/buildbot/src/googleplex-android/openjdk/out/hotspot/src/share/vm/prims/jni.cpp, line 1614]
Event: 5.302 Thread 0x00007f97a20b1000 Exception <a 'java/lang/NoSuchMethodError': <clinit>> (0x00000007a1f1a240) thrown at [/Volumes/Android/buildbot/src/googleplex-android/openjdk/out/hotspot/src/share/vm/prims/jni.cpp, line 1614]
Event: 5.302 Thread 0x00007f97a20b1000 Exception <a 'java/lang/NoSuchMethodError': <clinit>> (0x00000007a1f1b740) thrown at [/Volumes/Android/buildbot/src/googleplex-android/openjdk/out/hotspot/src/share/vm/prims/jni.cpp, line 1614]
Event: 5.302 Thread 0x00007f97a20b1000 Exception <a 'java/lang/NoSuchMethodError': <clinit>> (0x00000007a1f1ce90) thrown at [/Volumes/Android/buildbot/src/googleplex-android/openjdk/out/hotspot/src/share/vm/prims/jni.cpp, line 1614]
Event: 5.303 Thread 0x00007f97a20b1000 Exception <a 'java/lang/NoSuchMethodError': <clinit>> (0x00000007a1f1e490) thrown at [/Volumes/Android/buildbot/src/googleplex-android/openjdk/out/hotspot/src/share/vm/prims/jni.cpp, line 1614]
Event: 5.303 Thread 0x00007f97a20b1000 Exception <a 'java/lang/NoSuchMethodError': <clinit>> (0x00000007a1f1f930) thrown at [/Volumes/Android/buildbot/src/googleplex-android/openjdk/out/hotspot/src/share/vm/prims/jni.cpp, line 1614]

Events (10 events):
Event: 6.139 loading class org/codehaus/groovy/runtime/ComposedClosure done
Event: 6.140 loading class org/codehaus/groovy/runtime/memoize/MemoizeCache
Event: 6.140 loading class org/codehaus/groovy/runtime/memoize/MemoizeCache done
Event: 6.141 loading class groovy/lang/TrampolineClosure
Event: 6.141 loading class groovy/lang/TrampolineClosure done
Event: 6.143 loading class org/codehaus/groovy/reflection/CachedMethod$MyComparator
Event: 6.143 loading class org/codehaus/groovy/reflection/CachedMethod$MyComparator done
Event: 6.147 loading class org/codehaus/groovy/reflection/CachedClass$CachedMethodComparatorByName
Event: 6.147 loading class org/codehaus/groovy/reflection/CachedClass$CachedMethodComparatorByName done
Event: 6.167 Executing VM operation: CollectForMetadataAllocation


Dynamic libraries:
0x00007fff2e741000 	/System/Library/Frameworks/Cocoa.framework/Versions/A/Cocoa
0x00007fff3bd43000 	/System/Library/Frameworks/Security.framework/Versions/A/Security
0x00007fff2d6cb000 	/System/Library/Frameworks/ApplicationServices.framework/Versions/A/ApplicationServices
0x00007fff66064000 	/usr/lib/libz.1.dylib
0x00007fff63aa6000 	/usr/lib/libSystem.B.dylib
0x00007fff2f6c8000 	/System/Library/Frameworks/CoreFoundation.framework/Versions/A/CoreFoundation
0x00007fff31db1000 	/System/Library/Frameworks/Foundation.framework/Versions/C/Foundation
0x00007fff65993000 	/usr/lib/libobjc.A.dylib
0x00007fff2c8c0000 	/System/Library/Frameworks/AppKit.framework/Versions/C/AppKit
0x00007fff2f1c4000 	/System/Library/Frameworks/CoreData.framework/Versions/A/CoreData
0x00007fff6034e000 	/System/Library/PrivateFrameworks/UIFoundation.framework/Versions/A/UIFoundation
0x00007fff5ab2a000 	/System/Library/PrivateFrameworks/RemoteViewServices.framework/Versions/A/RemoteViewServices
0x00007fff62de1000 	/System/Library/PrivateFrameworks/XCTTargetBootstrap.framework/Versions/A/XCTTargetBootstrap
0x00007fff2f5b7000 	/System/Library/Frameworks/CoreDisplay.framework/Versions/A/CoreDisplay
0x00007fff34b29000 	/System/Library/Frameworks/Metal.framework/Versions/A/Metal
0x00007fff48f46000 	/System/Library/PrivateFrameworks/DesktopServicesPriv.framework/Versions/A/DesktopServicesPriv
0x00007fff64c74000 	/usr/lib/liblangid.dylib
0x00007fff48092000 	/System/Library/PrivateFrameworks/CoreSVG.framework/Versions/A/CoreSVG
0x00007fff5d8f1000 	/System/Library/PrivateFrameworks/SkyLight.framework/Versions/A/SkyLight
0x00007fff2fb4a000 	/System/Library/Frameworks/CoreGraphics.framework/Versions/A/CoreGraphics
0x00007fff2b355000 	/System/Library/Frameworks/Accelerate.framework/Versions/A/Accelerate
0x00007fff65f55000 	/usr/lib/libxml2.2.dylib
0x00007fff53c54000 	/System/Library/PrivateFrameworks/IconServices.framework/Versions/A/IconServices
0x00007fff32596000 	/System/Library/Frameworks/IOSurface.framework/Versions/A/IOSurface
0x00007fff635de000 	/usr/lib/libDiagnosticMessagesClient.dylib
0x00007fff48dbf000 	/System/Library/PrivateFrameworks/DFRFoundation.framework/Versions/A/DFRFoundation
0x00007fff64a02000 	/usr/lib/libicucore.A.dylib
0x00007fff2d9fd000 	/System/Library/Frameworks/AudioToolbox.framework/Versions/A/AudioToolbox
0x00007fff2dadf000 	/System/Library/Frameworks/AudioUnit.framework/Versions/A/AudioUnit
0x00007fff63d3e000 	/usr/lib/libauto.dylib
0x00007fff48e40000 	/System/Library/PrivateFrameworks/DataDetectorsCore.framework/Versions/A/DataDetectorsCore
0x00007fff2e261000 	/System/Library/Frameworks/Carbon.framework/Versions/A/Frameworks/HIToolbox.framework/Versions/A/HIToolbox
0x00007fff3af74000 	/System/Library/Frameworks/QuartzCore.framework/Versions/A/QuartzCore
0x00007fff2e5a0000 	/System/Library/Frameworks/Carbon.framework/Versions/A/Frameworks/SpeechRecognition.framework/Versions/A/SpeechRecognition
0x00007fff48745000 	/System/Library/PrivateFrameworks/CoreUI.framework/Versions/A/CoreUI
0x00007fff2ec2a000 	/System/Library/Frameworks/CoreAudio.framework/Versions/A/CoreAudio
0x00007fff31a79000 	/System/Library/Frameworks/DiskArbitration.framework/Versions/A/DiskArbitration
0x00007fff55c69000 	/System/Library/PrivateFrameworks/MultitouchSupport.framework/Versions/A/MultitouchSupport
0x00007fff648c8000 	/usr/lib/libenergytrace.dylib
0x00007fff324f1000 	/System/Library/Frameworks/IOKit.framework/Versions/A/IOKit
0x00007fff30adc000 	/System/Library/Frameworks/CoreServices.framework/Versions/A/CoreServices
0x00007fff57d76000 	/System/Library/PrivateFrameworks/PerformanceAnalysis.framework/Versions/A/PerformanceAnalysis
0x00007fff39faa000 	/System/Library/Frameworks/OpenGL.framework/Versions/A/OpenGL
0x00007fff2e74f000 	/System/Library/Frameworks/ColorSync.framework/Versions/A/ColorSync
0x00007fff301f5000 	/System/Library/Frameworks/CoreImage.framework/Versions/A/CoreImage
0x00007fff31552000 	/System/Library/Frameworks/CoreText.framework/Versions/A/CoreText
0x00007fff3261c000 	/System/Library/Frameworks/ImageIO.framework/Versions/A/ImageIO
0x00007fff63e23000 	/usr/lib/libc++.1.dylib
0x00007fff63e9f000 	/usr/lib/libcompression.dylib
0x00007fff63920000 	/usr/lib/libMobileGestalt.dylib
0x00007fff5f430000 	/System/Library/PrivateFrameworks/TextureIO.framework/Versions/A/TextureIO
0x00007fff63c0d000 	/usr/lib/libate.dylib
0x00007fff53e5d000 	/System/Library/PrivateFrameworks/InternationalSupport.framework/Versions/A/InternationalSupport
0x00007fff66ada000 	/usr/lib/system/libcache.dylib
0x00007fff66ae0000 	/usr/lib/system/libcommonCrypto.dylib
0x00007fff66aec000 	/usr/lib/system/libcompiler_rt.dylib
0x00007fff66af4000 	/usr/lib/system/libcopyfile.dylib
0x00007fff66afe000 	/usr/lib/system/libcorecrypto.dylib
0x00007fff66cac000 	/usr/lib/system/libdispatch.dylib
0x00007fff66cee000 	/usr/lib/system/libdyld.dylib
0x00007fff66d24000 	/usr/lib/system/libkeymgr.dylib
0x00007fff66d32000 	/usr/lib/system/liblaunch.dylib
0x00007fff66d33000 	/usr/lib/system/libmacho.dylib
0x00007fff66d39000 	/usr/lib/system/libquarantine.dylib
0x00007fff66d3c000 	/usr/lib/system/libremovefile.dylib
0x00007fff66d3e000 	/usr/lib/system/libsystem_asl.dylib
0x00007fff66d56000 	/usr/lib/system/libsystem_blocks.dylib
0x00007fff66d57000 	/usr/lib/system/libsystem_c.dylib
0x00007fff66ddf000 	/usr/lib/system/libsystem_configuration.dylib
0x00007fff66de3000 	/usr/lib/system/libsystem_coreservices.dylib
0x00007fff66de7000 	/usr/lib/system/libsystem_darwin.dylib
0x00007fff66df0000 	/usr/lib/system/libsystem_dnssd.dylib
0x00007fff66df8000 	/usr/lib/system/libsystem_featureflags.dylib
0x00007fff66dfa000 	/usr/lib/system/libsystem_info.dylib
0x00007fff66e75000 	/usr/lib/system/libsystem_m.dylib
0x00007fff66ec2000 	/usr/lib/system/libsystem_malloc.dylib
0x00007fff66eea000 	/usr/lib/system/libsystem_networkextension.dylib
0x00007fff66ef8000 	/usr/lib/system/libsystem_notify.dylib
0x00007fff66f17000 	/usr/lib/system/libsystem_sandbox.dylib
0x00007fff66f1c000 	/usr/lib/system/libsystem_secinit.dylib
0x00007fff66e48000 	/usr/lib/system/libsystem_kernel.dylib
0x00007fff66f02000 	/usr/lib/system/libsystem_platform.dylib
0x00007fff66f0c000 	/usr/lib/system/libsystem_pthread.dylib
0x00007fff66f1f000 	/usr/lib/system/libsystem_symptoms.dylib
0x00007fff66f27000 	/usr/lib/system/libsystem_trace.dylib
0x00007fff66f3f000 	/usr/lib/system/libunwind.dylib
0x00007fff66f45000 	/usr/lib/system/libxpc.dylib
0x00007fff63e77000 	/usr/lib/libc++abi.dylib
0x00007fff64c76000 	/usr/lib/liblzma.5.dylib
0x00007fff648f0000 	/usr/lib/libfakelink.dylib
0x00007fff63b9a000 	/usr/lib/libarchive.2.dylib
0x00007fff3cee5000 	/System/Library/Frameworks/SystemConfiguration.framework/Versions/A/SystemConfiguration
0x00007fff6350f000 	/usr/lib/libCRFSuite.dylib
0x00007fff2de55000 	/System/Library/Frameworks/CFNetwork.framework/Versions/A/CFNetwork
0x00007fff63e05000 	/usr/lib/libbsm.0.dylib
0x00007fff66d25000 	/usr/lib/system/libkxld.dylib
0x00007fff42876000 	/System/Library/PrivateFrameworks/AppleFSCompression.framework/Versions/A/AppleFSCompression
0x00007fff64187000 	/usr/lib/libcoretls.dylib
0x00007fff6419e000 	/usr/lib/libcoretls_cfhelpers.dylib
0x00007fff659d8000 	/usr/lib/libpam.2.dylib
0x00007fff65b0b000 	/usr/lib/libsqlite3.dylib
0x00007fff65f42000 	/usr/lib/libxar.1.dylib
0x00007fff63e16000 	/usr/lib/libbz2.1.0.dylib
0x00007fff64911000 	/usr/lib/libiconv.2.dylib
0x00007fff63e8c000 	/usr/lib/libcharset.1.dylib
0x00007fff6547e000 	/usr/lib/libnetwork.dylib
0x00007fff659df000 	/usr/lib/libpcap.A.dylib
0x00007fff63b4f000 	/usr/lib/libapple_nghttp2.dylib
0x00007fff30e93000 	/System/Library/Frameworks/CoreServices.framework/Versions/A/Frameworks/FSEvents.framework/Versions/A/FSEvents
0x00007fff30b63000 	/System/Library/Frameworks/CoreServices.framework/Versions/A/Frameworks/CarbonCore.framework/Versions/A/CarbonCore
0x00007fff310d6000 	/System/Library/Frameworks/CoreServices.framework/Versions/A/Frameworks/Metadata.framework/Versions/A/Metadata
0x00007fff3116f000 	/System/Library/Frameworks/CoreServices.framework/Versions/A/Frameworks/OSServices.framework/Versions/A/OSServices
0x00007fff3119d000 	/System/Library/Frameworks/CoreServices.framework/Versions/A/Frameworks/SearchKit.framework/Versions/A/SearchKit
0x00007fff30add000 	/System/Library/Frameworks/CoreServices.framework/Versions/A/Frameworks/AE.framework/Versions/A/AE
0x00007fff30e9c000 	/System/Library/Frameworks/CoreServices.framework/Versions/A/Frameworks/LaunchServices.framework/Versions/A/LaunchServices
0x00007fff30e45000 	/System/Library/Frameworks/CoreServices.framework/Versions/A/Frameworks/DictionaryServices.framework/Versions/A/DictionaryServices
0x00007fff31205000 	/System/Library/Frameworks/CoreServices.framework/Versions/A/Frameworks/SharedFileList.framework/Versions/A/SharedFileList
0x00007fff35dfe000 	/System/Library/Frameworks/NetFS.framework/Versions/A/NetFS
0x00007fff56199000 	/System/Library/PrivateFrameworks/NetAuth.framework/Versions/A/NetAuth
0x00007fff631ac000 	/System/Library/PrivateFrameworks/login.framework/Versions/A/Frameworks/loginsupport.framework/Versions/A/loginsupport
0x00007fff5ef2b000 	/System/Library/PrivateFrameworks/TCC.framework/Versions/A/TCC
0x00007fff47461000 	/System/Library/PrivateFrameworks/CoreNLP.framework/Versions/A/CoreNLP
0x00007fff55699000 	/System/Library/PrivateFrameworks/MetadataUtilities.framework/Versions/A/MetadataUtilities
0x00007fff64d4e000 	/usr/lib/libmecabra.dylib
0x00007fff64ca6000 	/usr/lib/libmecab.dylib
0x00007fff64901000 	/usr/lib/libgermantok.dylib
0x00007fff63b36000 	/usr/lib/libThaiTokenizer.dylib
0x00007fff63547000 	/usr/lib/libChineseTokenizer.dylib
0x00007fff2b36d000 	/System/Library/Frameworks/Accelerate.framework/Versions/A/Frameworks/vImage.framework/Versions/A/vImage
0x00007fff2c71a000 	/System/Library/Frameworks/Accelerate.framework/Versions/A/Frameworks/vecLib.framework/Versions/A/vecLib
0x00007fff2c59f000 	/System/Library/Frameworks/Accelerate.framework/Versions/A/Frameworks/vecLib.framework/Versions/A/libvMisc.dylib
0x00007fff2c40c000 	/System/Library/Frameworks/Accelerate.framework/Versions/A/Frameworks/vecLib.framework/Versions/A/libvDSP.dylib
0x00007fff2bc15000 	/System/Library/Frameworks/Accelerate.framework/Versions/A/Frameworks/vecLib.framework/Versions/A/libBLAS.dylib
0x00007fff2bfb7000 	/System/Library/Frameworks/Accelerate.framework/Versions/A/Frameworks/vecLib.framework/Versions/A/libLAPACK.dylib
0x00007fff2c36c000 	/System/Library/Frameworks/Accelerate.framework/Versions/A/Frameworks/vecLib.framework/Versions/A/libLinearAlgebra.dylib
0x00007fff2c3f9000 	/System/Library/Frameworks/Accelerate.framework/Versions/A/Frameworks/vecLib.framework/Versions/A/libSparseBLAS.dylib
0x00007fff2c382000 	/System/Library/Frameworks/Accelerate.framework/Versions/A/Frameworks/vecLib.framework/Versions/A/libQuadrature.dylib
0x00007fff2bdaf000 	/System/Library/Frameworks/Accelerate.framework/Versions/A/Frameworks/vecLib.framework/Versions/A/libBNNS.dylib
0x00007fff2c388000 	/System/Library/Frameworks/Accelerate.framework/Versions/A/Frameworks/vecLib.framework/Versions/A/libSparse.dylib
0x00007fff5421c000 	/System/Library/PrivateFrameworks/LanguageModeling.framework/Versions/A/LanguageModeling
0x00007fff46dfd000 	/System/Library/PrivateFrameworks/CoreEmoji.framework/Versions/A/CoreEmoji
0x00007fff5433a000 	/System/Library/PrivateFrameworks/LinguisticData.framework/Versions/A/LinguisticData
0x00007fff542eb000 	/System/Library/PrivateFrameworks/Lexicon.framework/Versions/A/Lexicon
0x00007fff63e8d000 	/usr/lib/libcmph.dylib
0x00007fff389d0000 	/System/Library/Frameworks/OpenDirectory.framework/Versions/A/Frameworks/CFOpenDirectory.framework/Versions/A/CFOpenDirectory
0x00007fff389ed000 	/System/Library/Frameworks/OpenDirectory.framework/Versions/A/OpenDirectory
0x00007fff40cba000 	/System/Library/PrivateFrameworks/APFS.framework/Versions/A/APFS
0x00007fff3c096000 	/System/Library/Frameworks/SecurityFoundation.framework/Versions/A/SecurityFoundation
0x00007fff65f3e000 	/usr/lib/libutil.dylib
0x00007fff480ea000 	/System/Library/PrivateFrameworks/CoreServicesStore.framework/Versions/A/CoreServicesStore
0x00007fff3c14e000 	/System/Library/Frameworks/ServiceManagement.framework/Versions/A/ServiceManagement
0x00007fff4402d000 	/System/Library/PrivateFrameworks/BackgroundTaskManagement.framework/Versions/A/BackgroundTaskManagement
0x00007fff6603b000 	/usr/lib/libxslt.1.dylib
0x00007fff42edb000 	/System/Library/PrivateFrameworks/AppleSystemInfo.framework/Versions/A/AppleSystemInfo
0x00007fff3283a000 	/System/Library/Frameworks/ImageIO.framework/Versions/A/Resources/libJPEG.dylib
0x00007fff32af9000 	/System/Library/Frameworks/ImageIO.framework/Versions/A/Resources/libTIFF.dylib
0x00007fff32adc000 	/System/Library/Frameworks/ImageIO.framework/Versions/A/Resources/libPng.dylib
0x00007fff3277c000 	/System/Library/Frameworks/ImageIO.framework/Versions/A/Resources/libGIF.dylib
0x00007fff32780000 	/System/Library/Frameworks/ImageIO.framework/Versions/A/Resources/libJP2.dylib
0x00007fff32af7000 	/System/Library/Frameworks/ImageIO.framework/Versions/A/Resources/libRadiance.dylib
0x00007fff648c9000 	/usr/lib/libexpat.1.dylib
0x00007fff429d1000 	/System/Library/PrivateFrameworks/AppleJPEG.framework/Versions/A/AppleJPEG
0x00007fff4b34e000 	/System/Library/PrivateFrameworks/FontServices.framework/libFontParser.dylib
0x00007fff62203000 	/System/Library/PrivateFrameworks/WatchdogClient.framework/Versions/A/WatchdogClient
0x00007fff538a9000 	/System/Library/PrivateFrameworks/IOAccelerator.framework/Versions/A/IOAccelerator
0x00007fff34eb7000 	/System/Library/Frameworks/MetalPerformanceShaders.framework/Versions/A/MetalPerformanceShaders
0x00007fff5009c000 	/System/Library/PrivateFrameworks/GPUWrangler.framework/Versions/A/GPUWrangler
0x00007fff538b4000 	/System/Library/PrivateFrameworks/IOPresentment.framework/Versions/A/IOPresentment
0x00007fff48dd2000 	/System/Library/PrivateFrameworks/DSExternalDisplay.framework/Versions/A/DSExternalDisplay
0x00007fff39356000 	/System/Library/Frameworks/OpenGL.framework/Versions/A/Libraries/libCoreFSCache.dylib
0x00007fff34c09000 	/System/Library/Frameworks/MetalPerformanceShaders.framework/Frameworks/MPSCore.framework/Versions/A/MPSCore
0x00007fff34c46000 	/System/Library/Frameworks/MetalPerformanceShaders.framework/Frameworks/MPSImage.framework/Versions/A/MPSImage
0x00007fff34d08000 	/System/Library/Frameworks/MetalPerformanceShaders.framework/Frameworks/MPSNeuralNetwork.framework/Versions/A/MPSNeuralNetwork
0x00007fff34ccd000 	/System/Library/Frameworks/MetalPerformanceShaders.framework/Frameworks/MPSMatrix.framework/Versions/A/MPSMatrix
0x00007fff34e68000 	/System/Library/Frameworks/MetalPerformanceShaders.framework/Frameworks/MPSRayIntersector.framework/Versions/A/MPSRayIntersector
0x00007fff34cf2000 	/System/Library/Frameworks/MetalPerformanceShaders.framework/Frameworks/MPSNDArray.framework/Versions/A/MPSNDArray
0x00007fff556e6000 	/System/Library/PrivateFrameworks/MetalTools.framework/Versions/A/MetalTools
0x00007fff41e7f000 	/System/Library/PrivateFrameworks/AggregateDictionary.framework/Versions/A/AggregateDictionary
0x00007fff46887000 	/System/Library/PrivateFrameworks/CoreAnalytics.framework/Versions/A/CoreAnalytics
0x00007fff42df9000 	/System/Library/PrivateFrameworks/AppleSauce.framework/Versions/A/AppleSauce
0x00007fff63803000 	/usr/lib/libIOReport.dylib
0x00007fff31707000 	/System/Library/Frameworks/CoreVideo.framework/Versions/A/CoreVideo
0x00007fff5150a000 	/System/Library/PrivateFrameworks/GraphVisualizer.framework/Versions/A/GraphVisualizer
0x00007fff4a8cf000 	/System/Library/PrivateFrameworks/FaceCore.framework/Versions/A/FaceCore
0x00007fff38977000 	/System/Library/Frameworks/OpenCL.framework/Versions/A/OpenCL
0x00007fff63625000 	/usr/lib/libFosl_dynamic.dylib
0x00007fff56b94000 	/System/Library/PrivateFrameworks/OTSVG.framework/Versions/A/OTSVG
0x00007fff2d7d0000 	/System/Library/Frameworks/ApplicationServices.framework/Versions/A/Frameworks/ATS.framework/Versions/A/Resources/libFontRegistry.dylib
0x00007fff4b51f000 	/System/Library/PrivateFrameworks/FontServices.framework/libhvf.dylib
0x00007fff39361000 	/System/Library/Frameworks/OpenGL.framework/Versions/A/Libraries/libGFXShared.dylib
0x00007fff3953e000 	/System/Library/Frameworks/OpenGL.framework/Versions/A/Libraries/libGLU.dylib
0x00007fff3936a000 	/System/Library/Frameworks/OpenGL.framework/Versions/A/Libraries/libGL.dylib
0x00007fff39375000 	/System/Library/Frameworks/OpenGL.framework/Versions/A/Libraries/libGLImage.dylib
0x00007fff39353000 	/System/Library/Frameworks/OpenGL.framework/Versions/A/Libraries/libCVMSPluginSupport.dylib
0x00007fff3935c000 	/System/Library/Frameworks/OpenGL.framework/Versions/A/Libraries/libCoreVMClient.dylib
0x00007fff65320000 	/usr/lib/libncurses.5.4.dylib
0x00007fff2d6cc000 	/System/Library/Frameworks/ApplicationServices.framework/Versions/A/Frameworks/ATS.framework/Versions/A/ATS
0x00007fff2d899000 	/System/Library/Frameworks/ApplicationServices.framework/Versions/A/Frameworks/ColorSyncLegacy.framework/Versions/A/ColorSyncLegacy
0x00007fff2d938000 	/System/Library/Frameworks/ApplicationServices.framework/Versions/A/Frameworks/HIServices.framework/Versions/A/HIServices
0x00007fff2d98f000 	/System/Library/Frameworks/ApplicationServices.framework/Versions/A/Frameworks/LangAnalysis.framework/Versions/A/LangAnalysis
0x00007fff2d99e000 	/System/Library/Frameworks/ApplicationServices.framework/Versions/A/Frameworks/PrintCore.framework/Versions/A/PrintCore
0x00007fff2d9e4000 	/System/Library/Frameworks/ApplicationServices.framework/Versions/A/Frameworks/QD.framework/Versions/A/QD
0x00007fff2d9ef000 	/System/Library/Frameworks/ApplicationServices.framework/Versions/A/Frameworks/SpeechSynthesis.framework/Versions/A/SpeechSynthesis
0x00007fff2d869000 	/System/Library/Frameworks/ApplicationServices.framework/Versions/A/Frameworks/ATSUI.framework/Versions/A/ATSUI
0x00007fff6475d000 	/usr/lib/libcups.2.dylib
0x00007fff33f66000 	/System/Library/Frameworks/Kerberos.framework/Versions/A/Kerberos
0x00007fff321e6000 	/System/Library/Frameworks/GSS.framework/Versions/A/GSS
0x00007fff65a97000 	/usr/lib/libresolv.9.dylib
0x00007fff516ab000 	/System/Library/PrivateFrameworks/Heimdal.framework/Versions/A/Heimdal
0x00007fff33f79000 	/System/Library/Frameworks/Kerberos.framework/Versions/A/Libraries/libHeimdalProxy.dylib
0x00007fff64907000 	/usr/lib/libheimdal-asn1.dylib
0x00007fff45d2d000 	/System/Library/PrivateFrameworks/CommonAuth.framework/Versions/A/CommonAuth
0x00007fff42f78000 	/System/Library/PrivateFrameworks/AssertionServices.framework/Versions/A/AssertionServices
0x00007fff43b1b000 	/System/Library/PrivateFrameworks/AudioToolboxCore.framework/Versions/A/AudioToolboxCore
0x00007fff62e5d000 	/System/Library/PrivateFrameworks/caulk.framework/Versions/A/caulk
0x00007fff440d9000 	/System/Library/PrivateFrameworks/BaseBoard.framework/Versions/A/BaseBoard
0x00007fff5acb9000 	/System/Library/PrivateFrameworks/RunningBoardServices.framework/Versions/A/RunningBoardServices
0x00007fff57d82000 	/System/Library/PrivateFrameworks/PersistentConnection.framework/Versions/A/PersistentConnection
0x00007fff5a708000 	/System/Library/PrivateFrameworks/ProtocolBuffer.framework/Versions/A/ProtocolBuffer
0x00007fff45d52000 	/System/Library/PrivateFrameworks/CommonUtilities.framework/Versions/A/CommonUtilities
0x00007fff4425c000 	/System/Library/PrivateFrameworks/Bom.framework/Versions/A/Bom
0x00007fff634d2000 	/usr/lib/libAudioToolboxUtility.dylib
0x00007fff44037000 	/System/Library/PrivateFrameworks/Backup.framework/Versions/A/Backup
0x00007fff48b42000 	/System/Library/PrivateFrameworks/CrashReporterSupport.framework/Versions/A/CrashReporterSupport
0x00007fff5c7b5000 	/System/Library/PrivateFrameworks/Sharing.framework/Versions/A/Sharing
0x00007fff4271c000 	/System/Library/PrivateFrameworks/Apple80211.framework/Versions/A/Apple80211
0x00007fff43d59000 	/System/Library/PrivateFrameworks/AuthKit.framework/Versions/A/AuthKit
0x00007fff48872000 	/System/Library/PrivateFrameworks/CoreUtils.framework/Versions/A/CoreUtils
0x00007fff3174c000 	/System/Library/Frameworks/CoreWLAN.framework/Versions/A/CoreWLAN
0x00007fff32372000 	/System/Library/Frameworks/IOBluetooth.framework/Versions/A/IOBluetooth
0x00007fff559e4000 	/System/Library/PrivateFrameworks/MobileKeyBag.framework/Versions/A/MobileKeyBag
0x00007fff4793d000 	/System/Library/PrivateFrameworks/CorePhoneNumbers.framework/Versions/A/CorePhoneNumbers
0x00007fff42984000 	/System/Library/PrivateFrameworks/AppleIDAuthSupport.framework/Versions/A/AppleIDAuthSupport
0x00007fff35e0b000 	/System/Library/Frameworks/Network.framework/Versions/A/Network
0x00007fff540a4000 	/System/Library/PrivateFrameworks/KeychainCircle.framework/Versions/A/KeychainCircle
0x00007fff2f18c000 	/System/Library/Frameworks/CoreBluetooth.framework/Versions/A/CoreBluetooth
0x00007fff5e431000 	/System/Library/PrivateFrameworks/SpeechRecognitionCore.framework/Versions/A/SpeechRecognitionCore
0x000000010d600000 	/Applications/Android Studio.app/Contents/jre/jdk/Contents/Home/jre/lib/server/libjvm.dylib
0x00007fff65e10000 	/usr/lib/libstdc++.6.dylib
0x000000010cd47000 	/Applications/Android Studio.app/Contents/jre/jdk/Contents/Home/jre/lib/libverify.dylib
0x000000010cd58000 	/Applications/Android Studio.app/Contents/jre/jdk/Contents/Home/jre/lib/libjava.dylib
0x000000010cdec000 	/Applications/Android Studio.app/Contents/jre/jdk/Contents/Home/jre/lib/libzip.dylib
0x0000000124fc3000 	/Applications/Android Studio.app/Contents/jre/jdk/Contents/Home/jre/lib/libnet.dylib
0x0000000124ff9000 	/Applications/Android Studio.app/Contents/jre/jdk/Contents/Home/jre/lib/libnio.dylib
0x00000001247bd000 	/Users/dangvulinh/.gradle/native/30/osx-amd64/libnative-platform.dylib
0x0000000125239000 	/Applications/Android Studio.app/Contents/jre/jdk/Contents/Home/jre/lib/libmanagement.dylib

VM Arguments:
jvm_args: -Xmx1536m -Dfile.encoding=UTF-8 -Duser.country=FR -Duser.language=fr -Duser.variant 
java_command: org.gradle.launcher.daemon.bootstrap.GradleDaemon 5.6.4
java_class_path (initial): /Users/dangvulinh/.gradle/wrapper/dists/gradle-5.6.4-all/ankdp27end7byghfw1q2sw75f/gradle-5.6.4/lib/gradle-launcher-5.6.4.jar
Launcher Type: SUN_STANDARD

Environment Variables:
PATH=/usr/local/bin:/usr/bin:/bin:/usr/sbin:/sbin
SHELL=/bin/zsh

Signal Handlers:
SIGSEGV: [libjvm.dylib+0x5609d5], sa_mask[0]=11111111011111110111111111111111, sa_flags=SA_ONSTACK|SA_RESTART|SA_SIGINFO
SIGBUS: [libjvm.dylib+0x5609d5], sa_mask[0]=11111111011111110111111111111111, sa_flags=SA_RESTART|SA_SIGINFO
SIGFPE: [libjvm.dylib+0x458695], sa_mask[0]=11111111011111110111111111111111, sa_flags=SA_RESTART|SA_SIGINFO
SIGPIPE: [libjvm.dylib+0x458695], sa_mask[0]=11111111011111110111111111111111, sa_flags=SA_RESTART|SA_SIGINFO
SIGXFSZ: [libjvm.dylib+0x458695], sa_mask[0]=11111111011111110111111111111111, sa_flags=SA_RESTART|SA_SIGINFO
SIGILL: [libjvm.dylib+0x458695], sa_mask[0]=11111111011111110111111111111111, sa_flags=SA_RESTART|SA_SIGINFO
SIGUSR1: SIG_DFL, sa_mask[0]=00000000000000000000000000000000, sa_flags=none
SIGUSR2: [libjvm.dylib+0x458f94], sa_mask[0]=00100000000000000000000000000000, sa_flags=SA_RESTART|SA_SIGINFO
SIGHUP: [libjvm.dylib+0x4571b9], sa_mask[0]=11111111011111110111111111111111, sa_flags=SA_RESTART|SA_SIGINFO
SIGINT: [libjvm.dylib+0x4571b9], sa_mask[0]=11111111011111110111111111111111, sa_flags=SA_RESTART|SA_SIGINFO
SIGTERM: [libjvm.dylib+0x4571b9], sa_mask[0]=11111111011111110111111111111111, sa_flags=SA_RESTART|SA_SIGINFO
SIGQUIT: [libjvm.dylib+0x4571b9], sa_mask[0]=11111111011111110111111111111111, sa_flags=SA_RESTART|SA_SIGINFO


---------------  S Y S T E M  ---------------

OS:Bsduname:Darwin 19.3.0 Darwin Kernel Version 19.3.0: Thu Jan  9 20:58:23 PST 2020; root:xnu-6153.81.5~1/RELEASE_X86_64 x86_64
rlimit: STACK 8192k, CORE 0k, NPROC 1392, NOFILE 10240, AS infinity
load average:51.32 39.97 17.90

CPU:total 4 (initial active 4) (2 cores per cpu, 2 threads per core) family 6 model 58 stepping 9, cmov, cx8, fxsr, mmx, sse, sse2, sse3, ssse3, sse4.1, sse4.2, popcnt, avx, aes, clmul, erms, ht, tsc, tscinvbit, tscinv

Memory: 4k page, physical 8388608k(25236k free)

/proc/meminfo:


vm_info: OpenJDK 64-Bit Server VM (25.212-b4-5784211) for bsd-amd64 JRE (1.8.0_212-release-1586-b4-5784211), built by "android-build" with gcc 4.2.1 Compatible Android (5657785 based on r353983d) Clang 9.0.4 (https://android.googlesource.com/toolchain/llvm-project 2a90cc9d899e6fe6dcf0da193244b25f75735c7b)

time: Tue Mar 17 10:24:34 2020
timezone: CET
elapsed time: 6 seconds (0d 0h 0m 6s)

